<?xml version="1.0" encoding="UTF-8" standalone="no"?>
<!DOCTYPE log SYSTEM "logger.dtd">
<log>
<record>
  <date>2020-11-17T13:16:09</date>
  <millis>1605599169168</millis>
  <sequence>0</sequence>
  <logger>com.taskassignment.kafkatopicwriter.KafkaTopicWriter</logger>
  <level>INFO</level>
  <class>com.taskassignment.kafkatopicwriter.KafkaTopicWriter</class>
  <method>init</method>
  <thread>1</thread>
  <message>init() Method is Invoked</message>
</record>
<record>
  <date>2020-11-17T13:16:09</date>
  <millis>1605599169208</millis>
  <sequence>1</sequence>
  <logger>com.taskassignment.kafkatopicwriter.KafkaTopicWriter</logger>
  <level>WARNING</level>
  <class>com.taskassignment.loadyaml.LoadYAML</class>
  <method>LoadData</method>
  <thread>1</thread>
  <message>No such file /src/main/java/config.yaml</message>
</record>
